<?xml version="1.0" encoding="UTF-8"?>
<testsuite name="oven.jiraTest" tests="1" skipped="0" failures="0" errors="0" timestamp="2018-01-20T09:22:06" hostname="STO-CNU3409HKH" time="0.0">
  <properties/>
  <testcase name="print" classname="oven.jiraTest" time="0.0"/>
  <system-out><![CDATA[]]></system-out>
  <system-err><![CDATA[]]></system-err>
</testsuite>
